<?xml version="1.0" encoding="UTF-8"?>
<!-- Generated by org.testng.reporters.JUnitReportReporter -->
<testsuite hostname="INL-FCNZG63" failures="0" tests="3" name="test.AmazonTest" time="10.467" errors="0" timestamp="2024-04-07T12:13:17 IST" skipped="0">
  <testcase classname="test.AmazonTest" name="SearchAndClickFirstProduct" time="7.886"/>
  <testcase classname="test.AmazonTest" name="addToCart" time="0.125"/>
  <testcase classname="test.AmazonTest" name="proceedBuy" time="2.456"/>
</testsuite> <!-- test.AmazonTest -->
