<?xml version="1.0" encoding="UTF-8"?>
<!-- Generated by org.testng.reporters.JUnitReportReporter -->
<testsuite hostname="INL-FCNZG63" failures="0" tests="3" name="test.AmazonTest" time="12.345" errors="0" timestamp="2024-04-05T18:20:11 IST" skipped="0">
  <testcase classname="test.AmazonTest" name="SearchAndClickFirstProduct" time="10.335"/>
  <testcase classname="test.AmazonTest" name="addToCart" time="0.120"/>
  <testcase classname="test.AmazonTest" name="proceedBuy" time="1.890"/>
</testsuite> <!-- test.AmazonTest -->
