<?xml version="1.0" encoding="UTF-8"?>
<!-- Generated by org.testng.reporters.JUnitReportReporter -->
<testsuite hostname="INL-FCNZG63" failures="0" tests="3" name="test.AmazonTest" time="12.688" errors="0" timestamp="2024-04-07T11:10:26 IST" skipped="0">
  <testcase classname="test.AmazonTest" name="SearchAndClickFirstProduct" time="9.328"/>
  <testcase classname="test.AmazonTest" name="proceedBuy" time="3.298"/>
  <testcase classname="test.AmazonTest" name="addToCart" time="0.062"/>
</testsuite> <!-- test.AmazonTest -->
