<?xml version="1.0" encoding="UTF-8"?>
<!-- Generated by org.testng.reporters.JUnitReportReporter -->
<testsuite hostname="INL-FCNZG63" failures="0" tests="3" name="test.AmazonTest" time="9.671" errors="0" timestamp="2024-04-07T12:03:58 IST" skipped="0">
  <testcase classname="test.AmazonTest" name="SearchAndClickFirstProduct" time="7.903"/>
  <testcase classname="test.AmazonTest" name="addToCart" time="0.054"/>
  <testcase classname="test.AmazonTest" name="proceedBuy" time="1.714"/>
</testsuite> <!-- test.AmazonTest -->
